Start testing: Oct 15 09:30 Paris, Madrid (heure d’été)
----------------------------------------------------------
1/1 Testing: test_util_project_name
1/1 Test: test_util_project_name
Command: "C:/Users/jacqu/OneDrive/Bureau/workshop_2025/task14/build/test_utils.exe"
Directory: C:/Users/jacqu/OneDrive/Bureau/workshop_2025/task14/build
"test_util_project_name" start time: Oct 15 09:30 Paris, Madrid (heure d’été)
Output:
----------------------------------------------------------
Test reussi: Le nom du projet est correct : WorkshopApp
<end of output>
Test time =   0.06 sec
----------------------------------------------------------
Test Passed.
"test_util_project_name" end time: Oct 15 09:30 Paris, Madrid (heure d’été)
"test_util_project_name" time elapsed: 00:00:00
----------------------------------------------------------

End testing: Oct 15 09:30 Paris, Madrid (heure d’été)
